[ 2017-05-03T16:33:06+08:00 ] ::1 ::1 GET /think/php/public/
[ log ] localhost/think/php/public/ [运行时间：0.479028s][吞吐率：2.09req/s] [内存消耗：1,354.59kb] [文件加载：38]
[ info ] [ LANG ] D:\phpstudy\anzhuang\WWW\think\php\thinkphp\lang\zh-cn.php
[ info ] [ ROUTE ] array (
  'type' => 'module',
  'module' => 
  array (
    0 => '',
    1 => NULL,
    2 => NULL,
  ),
)
[ info ] [ HEADER ] array (
  'host' => 'localhost',
  'connection' => 'keep-alive',
  'upgrade-insecure-requests' => '1',
  'user-agent' => 'Mozilla/5.0 (Windows NT 6.1; WOW64) AppleWebKit/537.36 (KHTML, like Gecko) Chrome/57.0.2987.110 Safari/537.36',
  'accept' => 'text/html,application/xhtml+xml,application/xml;q=0.9,image/webp,*/*;q=0.8',
  'referer' => 'http://localhost/think/php/',
  'accept-encoding' => 'gzip, deflate, sdch, br',
  'accept-language' => 'zh-CN,zh;q=0.8',
)
[ info ] [ PARAM ] array (
)
[ info ] [ RUN ] app\index\controller\Index->index[ D:\phpstudy\anzhuang\WWW\think\php\application\index\controller\Index.php ]
[ info ] [ LOG ] INIT File

---------------------------------------------------------------
